<?xml version="1.0" encoding="UTF-8"?>
<!-- Generated by org.testng.reporters.JUnitXMLReporter -->
<testsuite hostname="DESKTOP-KDGFHHL" ignored="0" name="Default test" tests="3" failures="0" timestamp="17 Aug 2021 16:41:21 GMT" time="21.119" errors="0">
  <testcase name="testCase1" time="6.709" classname="org.testng.QuestionFour"/>
  <testcase name="testCase1" time="3.837" classname="org.testng.QuestionFour"/>
  <testcase name="testCase1" time="3.277" classname="org.testng.QuestionFour"/>
</testsuite> <!-- Default test -->
