<?xml version="1.0" encoding="UTF-8"?>
<testng-results skipped="0" failed="0" ignored="0" total="3" passed="3">
  <reporter-output>
  </reporter-output>
  <suite name="Default suite" duration-ms="21119" started-at="2021-08-17T16:41:00Z" finished-at="2021-08-17T16:41:21Z">
    <groups>
    </groups>
    <test name="Default test" duration-ms="21119" started-at="2021-08-17T16:41:00Z" finished-at="2021-08-17T16:41:21Z">
      <class name="org.testng.QuestionFour">
        <test-method status="PASS" signature="browserLaunch()[pri:0, instance:org.testng.QuestionFour@5e3a8624]" name="browserLaunch" is-config="true" duration-ms="6067" started-at="2021-08-17T16:41:00Z" finished-at="2021-08-17T16:41:06Z">
          <reporter-output>
          </reporter-output>
        </test-method> <!-- browserLaunch -->
        <test-method status="PASS" signature="startTime()[pri:0, instance:org.testng.QuestionFour@5e3a8624]" name="startTime" is-config="true" duration-ms="0" started-at="2021-08-17T16:41:06Z" finished-at="2021-08-17T16:41:06Z">
          <reporter-output>
          </reporter-output>
        </test-method> <!-- startTime -->
        <test-method status="PASS" signature="testCase1(java.lang.String, java.lang.String)[pri:0, instance:org.testng.QuestionFour@5e3a8624]" name="testCase1" duration-ms="6709" started-at="2021-08-17T16:41:06Z" data-provider="testdata" finished-at="2021-08-17T16:41:13Z">
          <params>
            <param index="0">
              <value>
                <![CDATA[gayathri]]>
              </value>
            </param>
            <param index="1">
              <value>
                <![CDATA[64564564653]]>
              </value>
            </param>
          </params>
          <reporter-output>
          </reporter-output>
        </test-method> <!-- testCase1 -->
        <test-method status="PASS" signature="testCase1(java.lang.String, java.lang.String)[pri:0, instance:org.testng.QuestionFour@5e3a8624]" name="testCase1" duration-ms="3837" started-at="2021-08-17T16:41:13Z" data-provider="testdata" finished-at="2021-08-17T16:41:17Z">
          <params>
            <param index="0">
              <value>
                <![CDATA[Jerome]]>
              </value>
            </param>
            <param index="1">
              <value>
                <![CDATA[746464]]>
              </value>
            </param>
          </params>
          <reporter-output>
          </reporter-output>
        </test-method> <!-- testCase1 -->
        <test-method status="PASS" signature="startTime()[pri:0, instance:org.testng.QuestionFour@5e3a8624]" name="startTime" is-config="true" duration-ms="0" started-at="2021-08-17T16:41:13Z" finished-at="2021-08-17T16:41:13Z">
          <reporter-output>
          </reporter-output>
        </test-method> <!-- startTime -->
        <test-method status="PASS" signature="endTime()[pri:0, instance:org.testng.QuestionFour@5e3a8624]" name="endTime" is-config="true" duration-ms="0" started-at="2021-08-17T16:41:13Z" finished-at="2021-08-17T16:41:13Z">
          <reporter-output>
          </reporter-output>
        </test-method> <!-- endTime -->
        <test-method status="PASS" signature="testCase1(java.lang.String, java.lang.String)[pri:0, instance:org.testng.QuestionFour@5e3a8624]" name="testCase1" duration-ms="3277" started-at="2021-08-17T16:41:17Z" data-provider="testdata" finished-at="2021-08-17T16:41:20Z">
          <params>
            <param index="0">
              <value>
                <![CDATA[Chinnadurai]]>
              </value>
            </param>
            <param index="1">
              <value>
                <![CDATA[5646456157]]>
              </value>
            </param>
          </params>
          <reporter-output>
          </reporter-output>
        </test-method> <!-- testCase1 -->
        <test-method status="PASS" signature="startTime()[pri:0, instance:org.testng.QuestionFour@5e3a8624]" name="startTime" is-config="true" duration-ms="0" started-at="2021-08-17T16:41:17Z" finished-at="2021-08-17T16:41:17Z">
          <reporter-output>
          </reporter-output>
        </test-method> <!-- startTime -->
        <test-method status="PASS" signature="endTime()[pri:0, instance:org.testng.QuestionFour@5e3a8624]" name="endTime" is-config="true" duration-ms="0" started-at="2021-08-17T16:41:17Z" finished-at="2021-08-17T16:41:17Z">
          <reporter-output>
          </reporter-output>
        </test-method> <!-- endTime -->
        <test-method status="PASS" signature="endTime()[pri:0, instance:org.testng.QuestionFour@5e3a8624]" name="endTime" is-config="true" duration-ms="0" started-at="2021-08-17T16:41:20Z" finished-at="2021-08-17T16:41:20Z">
          <reporter-output>
          </reporter-output>
        </test-method> <!-- endTime -->
        <test-method status="PASS" signature="endBrowser()[pri:0, instance:org.testng.QuestionFour@5e3a8624]" name="endBrowser" is-config="true" duration-ms="1144" started-at="2021-08-17T16:41:20Z" finished-at="2021-08-17T16:41:21Z">
          <reporter-output>
          </reporter-output>
        </test-method> <!-- endBrowser -->
      </class> <!-- org.testng.QuestionFour -->
    </test> <!-- Default test -->
  </suite> <!-- Default suite -->
</testng-results>
